BGP_ONLY Recovery Test
========================================
Test time: 2026-04-13 15:42:38
Mode:      BGP_ONLY
Ping:      as4h1 -> 10.1.0.101

Result: SUCCESS
Link failed:          as2r1-eth1 and as2r1-eth2 administratively down
Detection time:       1.01s
Blackout duration:    8.44s
Convergence time:     9.45s
Stable convergence:   9.57s
BGP sync time:        2.03s
Ctrl/Data skew:       -7.54s
Packet loss count:    9
Packets sent:         12
Longest loss burst:   9 packets (0.45s)
Recovery flaps:       1
Recovery success:     27.27%
First success lag:    8.44s
Stability window:     0.12s
Baseline RTT:         7.286 ms
Post-recovery RTT:    8.034 ms
Post-recovery jitter: 0.805 ms
Post-recovery p95:    8.757 ms
RTT inflation:        1.103x
Window avg RTT:       9.062 ms
Window phase2 RTT:    8.698 ms
Prop shift indicator: 0.649 ms
Queue tail indicator: 3.254 ms
Path changed:         False
Path changed in win:  False
