BGP_ONLY Recovery Test
========================================
Test time: 2026-04-16 12:33:03
Mode:      BGP_ONLY
Ping:      as4h1 -> 10.1.0.101

Result: SUCCESS
Link failed:          as2r1-eth1 and as2r1-eth2 administratively down
Detection time:       1.01s
Blackout duration:    8.45s
Convergence time:     9.46s
Stable convergence:   9.58s
BGP sync time:        2.04s
Ctrl/Data skew:       -7.54s
Packet loss count:    9
Packets sent:         12
Longest loss burst:   9 packets (0.45s)
Recovery flaps:       1
Recovery success:     27.27%
First success lag:    8.45s
Stability window:     0.12s
Baseline RTT:         8.557 ms
Post-recovery RTT:    8.084 ms
Post-recovery jitter: 1.109 ms
Post-recovery p95:    9.709 ms
RTT inflation:        0.945x
Window avg RTT:       8.610 ms
Window phase2 RTT:    8.312 ms
Prop shift indicator: -0.598 ms
Queue tail indicator: 3.165 ms
Path changed:         False
Path changed in win:  False
