BGP_ONLY Recovery Test
========================================
Test time: 2026-04-13 15:41:25
Mode:      BGP_ONLY
Ping:      as1h1 -> 10.4.0.101

Result: SUCCESS
Link failed:          as2r1-eth1 and as2r1-eth2 administratively down
Detection time:       1.01s
Blackout duration:    8.46s
Convergence time:     9.46s
Stable convergence:   9.59s
BGP sync time:        2.04s
Ctrl/Data skew:       -7.55s
Packet loss count:    9
Packets sent:         12
Longest loss burst:   9 packets (0.45s)
Recovery flaps:       1
Recovery success:     27.27%
First success lag:    8.46s
Stability window:     0.12s
Baseline RTT:         9.579 ms
Post-recovery RTT:    7.290 ms
Post-recovery jitter: 1.191 ms
Post-recovery p95:    9.949 ms
RTT inflation:        0.761x
Window avg RTT:       9.036 ms
Window phase2 RTT:    8.548 ms
Prop shift indicator: -0.242 ms
Queue tail indicator: 2.453 ms
Path changed:         False
Path changed in win:  False
