BGP_ONLY Recovery Test
========================================
Test time: 2026-04-13 15:38:54
Mode:      BGP_ONLY
Ping:      as1h1 -> 10.4.0.101

Result: SUCCESS
Link failed:          as2r1-eth1 and as2r1-eth2 administratively down
Detection time:       1.00s
Blackout duration:    7.39s
Convergence time:     8.40s
Stable convergence:   8.52s
BGP sync time:        2.03s
Ctrl/Data skew:       -6.49s
Packet loss count:    8
Packets sent:         11
Longest loss burst:   8 packets (0.40s)
Recovery flaps:       1
Recovery success:     30.00%
First success lag:    7.39s
Stability window:     0.12s
Baseline RTT:         6.723 ms
Post-recovery RTT:    7.350 ms
Post-recovery jitter: 1.951 ms
Post-recovery p95:    11.462 ms
RTT inflation:        1.093x
Window avg RTT:       9.259 ms
Window phase2 RTT:    9.540 ms
Prop shift indicator: 2.000 ms
Queue tail indicator: 2.179 ms
Path changed:         False
Path changed in win:  False
