BGP_ONLY Recovery Test
========================================
Test time: 2026-04-13 15:40:07
Mode:      BGP_ONLY
Ping:      as4h1 -> 10.1.0.101

Result: SUCCESS
Link failed:          as2r1-eth1 and as2r1-eth2 administratively down
Detection time:       1.01s
Blackout duration:    8.45s
Convergence time:     9.46s
Stable convergence:   9.58s
BGP sync time:        2.04s
Ctrl/Data skew:       -7.54s
Packet loss count:    9
Packets sent:         12
Longest loss burst:   9 packets (0.45s)
Recovery flaps:       1
Recovery success:     27.27%
First success lag:    8.45s
Stability window:     0.12s
Baseline RTT:         8.381 ms
Post-recovery RTT:    8.989 ms
Post-recovery jitter: 1.690 ms
Post-recovery p95:    10.977 ms
RTT inflation:        1.073x
Window avg RTT:       9.547 ms
Window phase2 RTT:    9.934 ms
Prop shift indicator: 0.821 ms
Queue tail indicator: 3.481 ms
Path changed:         False
Path changed in win:  False
