BGP_ONLY Recovery Test
========================================
Test time: 2026-04-13 15:43:55
Mode:      BGP_ONLY
Ping:      as1h1 -> 10.4.0.101

Result: SUCCESS
Link failed:          as2r1-eth1 and as2r1-eth2 administratively down
Detection time:       1.01s
Blackout duration:    7.39s
Convergence time:     8.40s
Stable convergence:   8.52s
BGP sync time:        2.03s
Ctrl/Data skew:       -6.49s
Packet loss count:    8
Packets sent:         11
Longest loss burst:   8 packets (0.40s)
Recovery flaps:       1
Recovery success:     30.00%
First success lag:    7.39s
Stability window:     0.12s
Baseline RTT:         7.380 ms
Post-recovery RTT:    8.467 ms
Post-recovery jitter: 1.054 ms
Post-recovery p95:    9.856 ms
RTT inflation:        1.147x
Window avg RTT:       8.769 ms
Window phase2 RTT:    9.385 ms
Prop shift indicator: 0.923 ms
Queue tail indicator: 2.302 ms
Path changed:         False
Path changed in win:  False
