BGP_ONLY Recovery Test
========================================
Test time: 2026-04-13 15:36:24
Mode:      BGP_ONLY
Ping:      as1h1 -> 10.4.0.101

Result: SUCCESS
Link failed:          as2r1-eth1 and as2r1-eth2 administratively down
Detection time:       1.01s
Blackout duration:    8.45s
Convergence time:     9.46s
Stable convergence:   9.59s
BGP sync time:        2.04s
Ctrl/Data skew:       -7.55s
Packet loss count:    9
Packets sent:         12
Longest loss burst:   9 packets (0.45s)
Recovery flaps:       1
Recovery success:     27.27%
First success lag:    8.45s
Stability window:     0.13s
Baseline RTT:         7.892 ms
Post-recovery RTT:    7.072 ms
Post-recovery jitter: 3.719 ms
Post-recovery p95:    15.022 ms
RTT inflation:        0.896x
Window avg RTT:       8.511 ms
Window phase2 RTT:    8.511 ms
Prop shift indicator: 0.622 ms
Queue tail indicator: 2.973 ms
Path changed:         False
Path changed in win:  False
