SDX_FAST Recovery Test
========================================
Test time: 2026-04-16 12:36:24
Mode:      SDX_FAST
Ping:      as4h1 -> 10.1.0.101

Result: SUCCESS
Link failed:          as2r1-eth1 and as2r1-eth2 administratively down
Detection time:       1.01s
Blackout duration:    0.00s
Convergence time:     1.01s
Stable convergence:   1.15s
BGP sync time:        1.04s
Ctrl/Data skew:       -0.11s
Packet loss count:    1
Packets sent:         4
Longest loss burst:   1 packets (0.05s)
Recovery flaps:       0
Recovery success:     100.00%
First success lag:    0.00s
Stability window:     0.14s
Baseline RTT:         7.663 ms
Post-recovery RTT:    8.335 ms
Post-recovery jitter: 1.489 ms
Post-recovery p95:    10.253 ms
RTT inflation:        1.088x
Window avg RTT:       8.432 ms
Window phase2 RTT:    8.338 ms
Prop shift indicator: 0.898 ms
Queue tail indicator: 2.386 ms
Path changed:         False
Path changed in win:  False
