SDX_FAST Recovery Test
========================================
Test time: 2026-04-13 15:48:52
Mode:      SDX_FAST
Ping:      as1h1 -> 10.4.0.101

Result: SUCCESS
Link failed:          as2r1-eth1 and as2r1-eth2 administratively down
Detection time:       1.01s
Blackout duration:    0.00s
Convergence time:     1.01s
Stable convergence:   1.15s
BGP sync time:        1.04s
Ctrl/Data skew:       -0.11s
Packet loss count:    1
Packets sent:         4
Longest loss burst:   1 packets (0.05s)
Recovery flaps:       0
Recovery success:     100.00%
First success lag:    0.00s
Stability window:     0.14s
Baseline RTT:         7.456 ms
Post-recovery RTT:    7.648 ms
Post-recovery jitter: 0.524 ms
Post-recovery p95:    7.704 ms
RTT inflation:        1.026x
Window avg RTT:       8.502 ms
Window phase2 RTT:    8.589 ms
Prop shift indicator: 0.878 ms
Queue tail indicator: 3.545 ms
Path changed:         False
Path changed in win:  False
