SDX_FAST Recovery Test
========================================
Test time: 2026-04-13 15:49:57
Mode:      SDX_FAST
Ping:      as4h1 -> 10.1.0.101

Result: SUCCESS
Link failed:          as2r1-eth1 and as2r1-eth2 administratively down
Detection time:       1.00s
Blackout duration:    0.00s
Convergence time:     1.00s
Stable convergence:   1.14s
BGP sync time:        1.03s
Ctrl/Data skew:       -0.11s
Packet loss count:    1
Packets sent:         4
Longest loss burst:   1 packets (0.05s)
Recovery flaps:       0
Recovery success:     100.00%
First success lag:    0.00s
Stability window:     0.14s
Baseline RTT:         7.846 ms
Post-recovery RTT:    8.456 ms
Post-recovery jitter: 1.128 ms
Post-recovery p95:    9.521 ms
RTT inflation:        1.078x
Window avg RTT:       8.825 ms
Window phase2 RTT:    8.833 ms
Prop shift indicator: 0.815 ms
Queue tail indicator: 2.690 ms
Path changed:         False
Path changed in win:  False
