SDX_FAST Recovery Test
========================================
Test time: 2026-04-13 15:56:39
Mode:      SDX_FAST
Ping:      as4h1 -> 10.1.0.101

Result: SUCCESS
Link failed:          as2r1-eth1 and as2r1-eth2 administratively down
Detection time:       1.01s
Blackout duration:    0.00s
Convergence time:     1.01s
Stable convergence:   1.14s
BGP sync time:        1.04s
Ctrl/Data skew:       -0.11s
Packet loss count:    1
Packets sent:         4
Longest loss burst:   1 packets (0.05s)
Recovery flaps:       0
Recovery success:     100.00%
First success lag:    0.00s
Stability window:     0.14s
Baseline RTT:         7.598 ms
Post-recovery RTT:    7.580 ms
Post-recovery jitter: 0.503 ms
Post-recovery p95:    7.830 ms
RTT inflation:        0.998x
Window avg RTT:       7.937 ms
Window phase2 RTT:    7.987 ms
Prop shift indicator: 0.506 ms
Queue tail indicator: 2.258 ms
Path changed:         False
Path changed in win:  False
